Determining if the pthread_create exist failed with the following output:
Change Dir: //home/nvidia/OpenCV_examples/example01/build/CMakeFiles/CMakeTmp

Run Build Command:"/usr/bin/make" "cmTC_08123/fast"
/usr/bin/make -f CMakeFiles/cmTC_08123.dir/build.make CMakeFiles/cmTC_08123.dir/build
make[1]: Entering directory '/home/nvidia/OpenCV_examples/example01/build/CMakeFiles/CMakeTmp'
Building C object CMakeFiles/cmTC_08123.dir/CheckSymbolExists.c.o
/usr/bin/cc    -fPIC    -o CMakeFiles/cmTC_08123.dir/CheckSymbolExists.c.o   -c //home/nvidia/OpenCV_examples/example01/build/CMakeFiles/CMakeTmp/CheckSymbolExists.c
Linking C executable cmTC_08123
/usr/bin/cmake -E cmake_link_script CMakeFiles/cmTC_08123.dir/link.txt --verbose=1
/usr/bin/cc  -fPIC     CMakeFiles/cmTC_08123.dir/CheckSymbolExists.c.o  -o cmTC_08123 -rdynamic 
CMakeFiles/cmTC_08123.dir/CheckSymbolExists.c.o: In function `main':
CheckSymbolExists.c:(.text+0x14): undefined reference to `pthread_create'
CheckSymbolExists.c:(.text+0x18): undefined reference to `pthread_create'
collect2: error: ld returned 1 exit status
CMakeFiles/cmTC_08123.dir/build.make:97: recipe for target 'cmTC_08123' failed
make[1]: *** [cmTC_08123] Error 1
make[1]: Leaving directory '/home/nvidia/OpenCV_examples/example01/build/CMakeFiles/CMakeTmp'
Makefile:126: recipe for target 'cmTC_08123/fast' failed
make: *** [cmTC_08123/fast] Error 2

File //home/nvidia/OpenCV_examples/example01/build/CMakeFiles/CMakeTmp/CheckSymbolExists.c:
/* */
#include <pthread.h>

int main(int argc, char** argv)
{
  (void)argv;
#ifndef pthread_create
  return ((int*)(&pthread_create))[argc];
#else
  (void)argc;
  return 0;
#endif
}

Determining if the function pthread_create exists in the pthreads failed with the following output:
Change Dir: //home/nvidia/OpenCV_examples/example01/build/CMakeFiles/CMakeTmp

Run Build Command:"/usr/bin/make" "cmTC_c49b1/fast"
/usr/bin/make -f CMakeFiles/cmTC_c49b1.dir/build.make CMakeFiles/cmTC_c49b1.dir/build
make[1]: Entering directory '/home/nvidia/OpenCV_examples/example01/build/CMakeFiles/CMakeTmp'
Building C object CMakeFiles/cmTC_c49b1.dir/CheckFunctionExists.c.o
/usr/bin/cc    -fPIC -DCHECK_FUNCTION_EXISTS=pthread_create   -o CMakeFiles/cmTC_c49b1.dir/CheckFunctionExists.c.o   -c /usr/share/cmake-3.5/Modules/CheckFunctionExists.c
Linking C executable cmTC_c49b1
/usr/bin/cmake -E cmake_link_script CMakeFiles/cmTC_c49b1.dir/link.txt --verbose=1
/usr/bin/cc  -fPIC -DCHECK_FUNCTION_EXISTS=pthread_create    CMakeFiles/cmTC_c49b1.dir/CheckFunctionExists.c.o  -o cmTC_c49b1 -rdynamic -lpthreads 
/usr/bin/ld: cannot find -lpthreads
collect2: error: ld returned 1 exit status
CMakeFiles/cmTC_c49b1.dir/build.make:97: recipe for target 'cmTC_c49b1' failed
make[1]: *** [cmTC_c49b1] Error 1
make[1]: Leaving directory '/home/nvidia/OpenCV_examples/example01/build/CMakeFiles/CMakeTmp'
Makefile:126: recipe for target 'cmTC_c49b1/fast' failed
make: *** [cmTC_c49b1/fast] Error 2


