Determining if the pthread_create exist failed with the following output:
Change Dir: //home/nvidia/OpenCV_examples/example02/build/CMakeFiles/CMakeTmp

Run Build Command:"/usr/bin/make" "cmTC_947e8/fast"
/usr/bin/make -f CMakeFiles/cmTC_947e8.dir/build.make CMakeFiles/cmTC_947e8.dir/build
make[1]: Entering directory '/home/nvidia/OpenCV_examples/example02/build/CMakeFiles/CMakeTmp'
Building C object CMakeFiles/cmTC_947e8.dir/CheckSymbolExists.c.o
/usr/bin/cc    -fPIC    -o CMakeFiles/cmTC_947e8.dir/CheckSymbolExists.c.o   -c //home/nvidia/OpenCV_examples/example02/build/CMakeFiles/CMakeTmp/CheckSymbolExists.c
Linking C executable cmTC_947e8
/usr/bin/cmake -E cmake_link_script CMakeFiles/cmTC_947e8.dir/link.txt --verbose=1
/usr/bin/cc  -fPIC     CMakeFiles/cmTC_947e8.dir/CheckSymbolExists.c.o  -o cmTC_947e8 -rdynamic 
CMakeFiles/cmTC_947e8.dir/CheckSymbolExists.c.o: In function `main':
CheckSymbolExists.c:(.text+0x14): undefined reference to `pthread_create'
CheckSymbolExists.c:(.text+0x18): undefined reference to `pthread_create'
collect2: error: ld returned 1 exit status
CMakeFiles/cmTC_947e8.dir/build.make:97: recipe for target 'cmTC_947e8' failed
make[1]: *** [cmTC_947e8] Error 1
make[1]: Leaving directory '/home/nvidia/OpenCV_examples/example02/build/CMakeFiles/CMakeTmp'
Makefile:126: recipe for target 'cmTC_947e8/fast' failed
make: *** [cmTC_947e8/fast] Error 2

File //home/nvidia/OpenCV_examples/example02/build/CMakeFiles/CMakeTmp/CheckSymbolExists.c:
/* */
#include <pthread.h>

int main(int argc, char** argv)
{
  (void)argv;
#ifndef pthread_create
  return ((int*)(&pthread_create))[argc];
#else
  (void)argc;
  return 0;
#endif
}

Determining if the function pthread_create exists in the pthreads failed with the following output:
Change Dir: //home/nvidia/OpenCV_examples/example02/build/CMakeFiles/CMakeTmp

Run Build Command:"/usr/bin/make" "cmTC_c1153/fast"
/usr/bin/make -f CMakeFiles/cmTC_c1153.dir/build.make CMakeFiles/cmTC_c1153.dir/build
make[1]: Entering directory '/home/nvidia/OpenCV_examples/example02/build/CMakeFiles/CMakeTmp'
Building C object CMakeFiles/cmTC_c1153.dir/CheckFunctionExists.c.o
/usr/bin/cc    -fPIC -DCHECK_FUNCTION_EXISTS=pthread_create   -o CMakeFiles/cmTC_c1153.dir/CheckFunctionExists.c.o   -c /usr/share/cmake-3.5/Modules/CheckFunctionExists.c
Linking C executable cmTC_c1153
/usr/bin/cmake -E cmake_link_script CMakeFiles/cmTC_c1153.dir/link.txt --verbose=1
/usr/bin/cc  -fPIC -DCHECK_FUNCTION_EXISTS=pthread_create    CMakeFiles/cmTC_c1153.dir/CheckFunctionExists.c.o  -o cmTC_c1153 -rdynamic -lpthreads 
/usr/bin/ld: cannot find -lpthreads
collect2: error: ld returned 1 exit status
CMakeFiles/cmTC_c1153.dir/build.make:97: recipe for target 'cmTC_c1153' failed
make[1]: *** [cmTC_c1153] Error 1
make[1]: Leaving directory '/home/nvidia/OpenCV_examples/example02/build/CMakeFiles/CMakeTmp'
Makefile:126: recipe for target 'cmTC_c1153/fast' failed
make: *** [cmTC_c1153/fast] Error 2


